<?xml version="1.0" encoding="UTF-8"?>
<testsuite name="com.weather.controller.WeatherReportControllerTest" tests="4" skipped="0" failures="0" errors="0" timestamp="2020-05-08T21:33:33" hostname="LAPTOP-37VU36S5" time="0.498">
  <properties/>
  <testcase name="shouldThrowExceptionOnClientFailure" classname="com.weather.controller.WeatherReportControllerTest" time="0.202"/>
  <testcase name="shouldFindWeatherReport" classname="com.weather.controller.WeatherReportControllerTest" time="0.21"/>
  <testcase name="shouldThrowNotFoundExceptionOnWrongUrl" classname="com.weather.controller.WeatherReportControllerTest" time="0.044"/>
  <testcase name="shouldNotExecuteWithMissingHeader" classname="com.weather.controller.WeatherReportControllerTest" time="0.006"/>
  <system-out><![CDATA[00:33:19.996 [Test worker] DEBUG org.springframework.test.context.junit4.SpringJUnit4ClassRunner - SpringJUnit4ClassRunner constructor called with [class com.weather.controller.WeatherReportControllerTest]
00:33:20.016 [Test worker] DEBUG org.springframework.test.context.BootstrapUtils - Instantiating CacheAwareContextLoaderDelegate from class [org.springframework.test.context.cache.DefaultCacheAwareContextLoaderDelegate]
00:33:20.035 [Test worker] DEBUG org.springframework.test.context.BootstrapUtils - Instantiating BootstrapContext using constructor [public org.springframework.test.context.support.DefaultBootstrapContext(java.lang.Class,org.springframework.test.context.CacheAwareContextLoaderDelegate)]
00:33:20.097 [Test worker] DEBUG org.springframework.test.context.BootstrapUtils - Instantiating TestContextBootstrapper for test class [com.weather.controller.WeatherReportControllerTest] from class [org.springframework.boot.test.context.SpringBootTestContextBootstrapper]
00:33:20.140 [Test worker] DEBUG org.springframework.test.context.support.AbstractContextLoader - Did not detect default resource location for test class [com.weather.controller.WeatherReportControllerTest]: class path resource [com/weather/controller/WeatherReportControllerTest-context.xml] does not exist
00:33:20.142 [Test worker] DEBUG org.springframework.test.context.support.AbstractContextLoader - Did not detect default resource location for test class [com.weather.controller.WeatherReportControllerTest]: class path resource [com/weather/controller/WeatherReportControllerTestContext.groovy] does not exist
00:33:20.142 [Test worker] INFO org.springframework.test.context.support.AbstractContextLoader - Could not detect default resource locations for test class [com.weather.controller.WeatherReportControllerTest]: no resource found for suffixes {-context.xml, Context.groovy}.
00:33:20.144 [Test worker] INFO org.springframework.test.context.support.AnnotationConfigContextLoaderUtils - Could not detect default configuration classes for test class [com.weather.controller.WeatherReportControllerTest]: WeatherReportControllerTest does not declare any static, non-private, non-final, nested classes annotated with @Configuration.
00:33:20.407 [Test worker] DEBUG org.springframework.context.annotation.ClassPathScanningCandidateComponentProvider - Identified candidate component class: file [E:\IdeaProjects\weather_report\build\classes\java\main\com\weather\WeatherReportApplication.class]
00:33:20.410 [Test worker] INFO org.springframework.boot.test.context.SpringBootTestContextBootstrapper - Found @SpringBootConfiguration com.weather.WeatherReportApplication for test class com.weather.controller.WeatherReportControllerTest
00:33:20.597 [Test worker] DEBUG org.springframework.boot.test.context.SpringBootTestContextBootstrapper - @TestExecutionListeners is not present for class [com.weather.controller.WeatherReportControllerTest]: using defaults.
00:33:20.598 [Test worker] INFO org.springframework.boot.test.context.SpringBootTestContextBootstrapper - Loaded default TestExecutionListener class names from location [META-INF/spring.factories]: [org.springframework.boot.test.autoconfigure.restdocs.RestDocsTestExecutionListener, org.springframework.boot.test.autoconfigure.web.client.MockRestServiceServerResetTestExecutionListener, org.springframework.boot.test.autoconfigure.web.servlet.MockMvcPrintOnlyOnFailureTestExecutionListener, org.springframework.boot.test.autoconfigure.web.servlet.WebDriverTestExecutionListener, org.springframework.boot.test.mock.mockito.MockitoTestExecutionListener, org.springframework.boot.test.mock.mockito.ResetMocksTestExecutionListener, org.springframework.test.context.web.ServletTestExecutionListener, org.springframework.test.context.support.DirtiesContextBeforeModesTestExecutionListener, org.springframework.test.context.support.DependencyInjectionTestExecutionListener, org.springframework.test.context.support.DirtiesContextTestExecutionListener, org.springframework.test.context.transaction.TransactionalTestExecutionListener, org.springframework.test.context.jdbc.SqlScriptsTestExecutionListener, org.springframework.test.context.event.EventPublishingTestExecutionListener]
00:33:20.647 [Test worker] DEBUG org.springframework.boot.test.context.SpringBootTestContextBootstrapper - Skipping candidate TestExecutionListener [org.springframework.test.context.transaction.TransactionalTestExecutionListener] due to a missing dependency. Specify custom listener classes or make the default listener classes and their required dependencies available. Offending class: [org/springframework/transaction/interceptor/TransactionAttributeSource]
00:33:20.648 [Test worker] DEBUG org.springframework.boot.test.context.SpringBootTestContextBootstrapper - Skipping candidate TestExecutionListener [org.springframework.test.context.jdbc.SqlScriptsTestExecutionListener] due to a missing dependency. Specify custom listener classes or make the default listener classes and their required dependencies available. Offending class: [org/springframework/transaction/interceptor/TransactionAttribute]
00:33:20.648 [Test worker] INFO org.springframework.boot.test.context.SpringBootTestContextBootstrapper - Using TestExecutionListeners: [org.springframework.test.context.web.ServletTestExecutionListener@3d635aa4, org.springframework.test.context.support.DirtiesContextBeforeModesTestExecutionListener@6459cf9b, org.springframework.boot.test.mock.mockito.MockitoTestExecutionListener@7496f97b, org.springframework.boot.test.autoconfigure.SpringBootDependencyInjectionTestExecutionListener@86fd85, org.springframework.test.context.support.DirtiesContextTestExecutionListener@2797214b, org.springframework.test.context.event.EventPublishingTestExecutionListener@d181735, org.springframework.boot.test.autoconfigure.restdocs.RestDocsTestExecutionListener@4e867acc, org.springframework.boot.test.autoconfigure.web.client.MockRestServiceServerResetTestExecutionListener@795bcc4c, org.springframework.boot.test.autoconfigure.web.servlet.MockMvcPrintOnlyOnFailureTestExecutionListener@67583755, org.springframework.boot.test.autoconfigure.web.servlet.WebDriverTestExecutionListener@2ab42534, org.springframework.boot.test.mock.mockito.ResetMocksTestExecutionListener@57996ab4]
00:33:20.662 [Test worker] DEBUG org.springframework.test.annotation.ProfileValueUtils - Retrieved @ProfileValueSourceConfiguration [null] for test class [com.weather.controller.WeatherReportControllerTest]
00:33:20.668 [Test worker] DEBUG org.springframework.test.annotation.ProfileValueUtils - Retrieved ProfileValueSource type [class org.springframework.test.annotation.SystemProfileValueSource] for class [com.weather.controller.WeatherReportControllerTest]
00:33:20.674 [Test worker] DEBUG org.springframework.test.annotation.ProfileValueUtils - Retrieved @ProfileValueSourceConfiguration [null] for test class [com.weather.controller.WeatherReportControllerTest]
00:33:20.674 [Test worker] DEBUG org.springframework.test.annotation.ProfileValueUtils - Retrieved ProfileValueSource type [class org.springframework.test.annotation.SystemProfileValueSource] for class [com.weather.controller.WeatherReportControllerTest]
00:33:20.675 [Test worker] DEBUG org.springframework.test.annotation.ProfileValueUtils - Retrieved @ProfileValueSourceConfiguration [null] for test class [com.weather.controller.WeatherReportControllerTest]
00:33:20.676 [Test worker] DEBUG org.springframework.test.annotation.ProfileValueUtils - Retrieved ProfileValueSource type [class org.springframework.test.annotation.SystemProfileValueSource] for class [com.weather.controller.WeatherReportControllerTest]
00:33:20.683 [Test worker] DEBUG org.springframework.test.context.support.AbstractDirtiesContextTestExecutionListener - Before test class: context [DefaultTestContext@211a49e0 testClass = WeatherReportControllerTest, testInstance = [null], testMethod = [null], testException = [null], mergedContextConfiguration = [WebMergedContextConfiguration@289109fd testClass = WeatherReportControllerTest, locations = '{}', classes = '{class com.weather.WeatherReportApplication}', contextInitializerClasses = '[]', activeProfiles = '{TEST}', propertySourceLocations = '{}', propertySourceProperties = '{org.springframework.boot.test.context.SpringBootTestContextBootstrapper=true, server.port=0}', contextCustomizers = set[org.springframework.boot.test.autoconfigure.properties.PropertyMappingContextCustomizer@4b3fa0b3, org.springframework.boot.test.autoconfigure.web.servlet.WebDriverContextCustomizerFactory$Customizer@86c8d0f, [ImportsContextCustomizer@12d7ce70 key = [org.springframework.boot.test.autoconfigure.web.servlet.MockMvcAutoConfiguration, org.springframework.boot.test.autoconfigure.web.servlet.MockMvcWebClientAutoConfiguration, org.springframework.boot.test.autoconfigure.web.servlet.MockMvcWebDriverAutoConfiguration, org.springframework.boot.autoconfigure.security.servlet.SecurityAutoConfiguration, org.springframework.boot.autoconfigure.security.servlet.UserDetailsServiceAutoConfiguration, org.springframework.boot.test.autoconfigure.web.servlet.MockMvcSecurityConfiguration]], org.springframework.boot.test.context.filter.ExcludeFilterContextCustomizer@6fb10823, org.springframework.boot.test.json.DuplicateJsonObjectContextCustomizerFactory$DuplicateJsonObjectContextCustomizer@459cb7cf, org.springframework.boot.test.mock.mockito.MockitoContextCustomizer@9c824021, org.springframework.boot.test.web.client.TestRestTemplateContextCustomizer@5c7b2d20], resourceBasePath = 'src/main/webapp', contextLoader = 'org.springframework.boot.test.context.SpringBootContextLoader', parent = [null]], attributes = map['org.springframework.test.context.web.ServletTestExecutionListener.activateListener' -> false]], class annotated with @DirtiesContext [false] with mode [null].
00:33:20.686 [Test worker] DEBUG org.springframework.test.annotation.ProfileValueUtils - Retrieved @ProfileValueSourceConfiguration [null] for test class [com.weather.controller.WeatherReportControllerTest]
00:33:20.687 [Test worker] DEBUG org.springframework.test.annotation.ProfileValueUtils - Retrieved ProfileValueSource type [class org.springframework.test.annotation.SystemProfileValueSource] for class [com.weather.controller.WeatherReportControllerTest]
00:33:20.865 [Test worker] DEBUG org.springframework.test.context.support.TestPropertySourceUtils - Adding inlined properties to environment: {spring.jmx.enabled=false, org.springframework.boot.test.context.SpringBootTestContextBootstrapper=true, server.port=0}
2020-05-09 00:33:23.085  INFO 13440 --- [    Test worker] trationDelegate$BeanPostProcessorChecker : Bean 'org.springframework.cloud.autoconfigure.ConfigurationPropertiesRebinderAutoConfiguration' of type [org.springframework.cloud.autoconfigure.ConfigurationPropertiesRebinderAutoConfiguration$$EnhancerBySpringCGLIB$$eca58a8d] is not eligible for getting processed by all BeanPostProcessors (for example: not eligible for auto-proxying)

                                   )       (                   (    (
 (  (            (       *   )  ( /(       )\ )         (      )\ ) )\ )
 )\))(   ' (     )\    ` )  /(  )\()) (   (()/(         )\    (()/((()/(
((_)()\ )  )\ ((((_)(   ( )(_))((_)\  )\   /(_))___  ((((_)(   /(_))/(_))
_(())\_)()((_) )\ _ )\ (_(_())  _((_)((_) (_)) |___|  )\ _ )\ (_)) (_))
\ \((_)/ /| __|(_)_\(_)|_   _| | || || __|| _ \       (_)_\(_)| _ \|_ _|
 \ \/\/ / | _|  / _ \    | |   | __ || _| |   /        / _ \  |  _/ | |
  \_/\_/  |___|/_/ \_\   |_|   |_||_||___||_|_\       /_/ \_\ |_|  |___|


2020-05-09 00:33:23.704  INFO 13440 --- [    Test worker] c.w.c.WeatherReportControllerTest        : The following profiles are active: TEST
2020-05-09 00:33:25.676  INFO 13440 --- [    Test worker] o.s.cloud.context.scope.GenericScope     : BeanFactory id=98ed1deb-8e6f-34f2-8c94-85b8916023dd
2020-05-09 00:33:28.704  INFO 13440 --- [    Test worker] trationDelegate$BeanPostProcessorChecker : Bean 'org.springframework.cloud.autoconfigure.ConfigurationPropertiesRebinderAutoConfiguration' of type [org.springframework.cloud.autoconfigure.ConfigurationPropertiesRebinderAutoConfiguration$$EnhancerBySpringCGLIB$$eca58a8d] is not eligible for getting processed by all BeanPostProcessors (for example: not eligible for auto-proxying)
2020-05-09 00:33:29.510  INFO 13440 --- [    Test worker] o.s.b.w.embedded.tomcat.TomcatWebServer  : Tomcat initialized with port(s): 0 (http)
2020-05-09 00:33:29.588  INFO 13440 --- [    Test worker] o.apache.catalina.core.StandardService   : Starting service [Tomcat]
2020-05-09 00:33:29.588  INFO 13440 --- [    Test worker] org.apache.catalina.core.StandardEngine  : Starting Servlet engine: [Apache Tomcat/9.0.33]
2020-05-09 00:33:29.951  INFO 13440 --- [    Test worker] o.a.c.c.C.[Tomcat].[localhost].[/]       : Initializing Spring embedded WebApplicationContext
2020-05-09 00:33:29.952  INFO 13440 --- [    Test worker] o.s.web.context.ContextLoader            : Root WebApplicationContext: initialization completed in 6239 ms
2020-05-09 00:33:30.950  INFO 13440 --- [    Test worker] pertySourcedRequestMappingHandlerMapping : Mapped URL path [/v2/api-docs] onto method [springfox.documentation.swagger2.web.Swagger2Controller#getDocumentation(String, HttpServletRequest)]
2020-05-09 00:33:31.023  WARN 13440 --- [    Test worker] o.s.c.n.a.ArchaiusAutoConfiguration      : No spring.application.name found, defaulting to 'application'
2020-05-09 00:33:31.029  WARN 13440 --- [    Test worker] c.n.c.sources.URLConfigurationSource     : No URLs will be polled as dynamic configuration sources.
2020-05-09 00:33:31.030  INFO 13440 --- [    Test worker] c.n.c.sources.URLConfigurationSource     : To enable URLs as dynamic configuration sources, define System property archaius.configurationSource.additionalUrls or make config.properties available on classpath.
2020-05-09 00:33:31.042  WARN 13440 --- [    Test worker] c.n.c.sources.URLConfigurationSource     : No URLs will be polled as dynamic configuration sources.
2020-05-09 00:33:31.047  INFO 13440 --- [    Test worker] c.n.c.sources.URLConfigurationSource     : To enable URLs as dynamic configuration sources, define System property archaius.configurationSource.additionalUrls or make config.properties available on classpath.
2020-05-09 00:33:31.815  INFO 13440 --- [    Test worker] o.s.s.concurrent.ThreadPoolTaskExecutor  : Initializing ExecutorService 'applicationTaskExecutor'
2020-05-09 00:33:32.274  INFO 13440 --- [    Test worker] o.a.c.c.C.[Tomcat].[localhost].[/]       : Initializing Spring TestDispatcherServlet ''
2020-05-09 00:33:32.274  INFO 13440 --- [    Test worker] o.s.t.web.servlet.TestDispatcherServlet  : Initializing Servlet ''
2020-05-09 00:33:32.299  INFO 13440 --- [    Test worker] o.s.t.web.servlet.TestDispatcherServlet  : Completed initialization in 20 ms
2020-05-09 00:33:32.917  INFO 13440 --- [    Test worker] d.s.w.p.DocumentationPluginsBootstrapper : Context refreshed
2020-05-09 00:33:32.975  INFO 13440 --- [    Test worker] d.s.w.p.DocumentationPluginsBootstrapper : Found 2 custom documentation plugin(s)
2020-05-09 00:33:33.017  INFO 13440 --- [    Test worker] s.d.s.w.s.ApiListingReferenceScanner     : Scanning for api listing references
2020-05-09 00:33:33.249  INFO 13440 --- [    Test worker] s.d.s.w.s.ApiListingReferenceScanner     : Scanning for api listing references
2020-05-09 00:33:33.319  INFO 13440 --- [    Test worker] .d.s.w.r.o.CachingOperationNameGenerator : Generating unique operation named: findWeatherReportUsingGET_1
2020-05-09 00:33:33.360  INFO 13440 --- [    Test worker] o.s.b.w.embedded.tomcat.TomcatWebServer  : Tomcat started on port(s): 54301 (http) with context path ''
2020-05-09 00:33:33.366  INFO 13440 --- [    Test worker] c.w.c.WeatherReportControllerTest        : Started WeatherReportControllerTest in 12.493 seconds (JVM running for 14.911)

MockHttpServletRequest:
      HTTP Method = GET
      Request URI = /v1/weather/report
       Parameters = {}
          Headers = [language:"eng"]
             Body = null
    Session Attrs = {}

Handler:
             Type = com.weather.controller.WeatherReportController
           Method = com.weather.controller.WeatherReportController#findWeatherReport(String)

Async:
    Async started = false
     Async result = null

Resolved Exception:
             Type = null

ModelAndView:
        View name = null
             View = null
            Model = null

FlashMap:
       Attributes = null

MockHttpServletResponse:
           Status = 200
    Error message = null
          Headers = [Vary:"Origin", "Access-Control-Request-Method", "Access-Control-Request-Headers", Content-Type:"application/json"]
     Content type = application/json
             Body = [{"date":"2020-05-09","maxTemperature":6,"minTemperature":0,"phenomenon":"Clear"}]
    Forwarded URL = null
   Redirected URL = null
          Cookies = []
2020-05-09 00:33:33.872  WARN 13440 --- [    Test worker] .w.s.m.s.DefaultHandlerExceptionResolver : Resolved [org.springframework.web.bind.MissingRequestHeaderException: Missing request header 'language' for method parameter of type String]
]]></system-out>
  <system-err><![CDATA[]]></system-err>
</testsuite>
